<?xml version="1.0" encoding="UTF-8"?>
<testng-results ignored="0" total="1" passed="1" failed="0" skipped="0">
  <reporter-output>
  </reporter-output>
  <suite started-at="2024-02-14T02:00:55 EST" name="Default suite" finished-at="2024-02-14T02:01:04 EST" duration-ms="9747">
    <groups>
      <group name="cucumber">
        <method signature="AbstractTestNGCucumberTests.feature(cucumber.api.testng.CucumberFeatureWrapper)[pri:0, instance:testrunner_1.C_Testrunner_1@7d0b7e3c]" name="feature" class="cucumber.api.testng.AbstractTestNGCucumberTests"/>
      </group> <!-- cucumber -->
    </groups>
    <test started-at="2024-02-14T02:00:55 EST" name="Default test" finished-at="2024-02-14T02:01:04 EST" duration-ms="9747">
      <class name="testrunner_1.C_Testrunner_1">
        <test-method is-config="true" signature="setUpClass()[pri:0, instance:testrunner_1.C_Testrunner_1@7d0b7e3c]" started-at="2024-02-14T02:00:55 EST" name="setUpClass" finished-at="2024-02-14T02:00:55 EST" duration-ms="397" status="PASS">
          <reporter-output>
          </reporter-output>
        </test-method> <!-- setUpClass -->
        <test-method signature="feature(cucumber.api.testng.CucumberFeatureWrapper)[pri:0, instance:testrunner_1.C_Testrunner_1@7d0b7e3c]" started-at="2024-02-14T02:00:55 EST" name="feature" description="Runs Cucumber Feature" data-provider="features" finished-at="2024-02-14T02:01:04 EST" duration-ms="9144" status="PASS">
          <params>
            <param index="0">
              <value>
                <![CDATA[Test case example]]>
              </value>
            </param>
          </params>
          <reporter-output>
          </reporter-output>
        </test-method> <!-- feature -->
        <test-method is-config="true" signature="tearDownClass()[pri:0, instance:testrunner_1.C_Testrunner_1@7d0b7e3c]" started-at="2024-02-14T02:01:04 EST" name="tearDownClass" finished-at="2024-02-14T02:01:04 EST" duration-ms="18" status="PASS">
          <reporter-output>
          </reporter-output>
        </test-method> <!-- tearDownClass -->
      </class> <!-- testrunner_1.C_Testrunner_1 -->
    </test> <!-- Default test -->
  </suite> <!-- Default suite -->
</testng-results>
